# JRE version: OpenJDK Runtime Environment Temurin-17.0.8.1+1 (17.0.8.1+1) (build 17.0.8.1+1)
# Java VM: OpenJDK 64-Bit Server VM Temurin-17.0.8.1+1 (17.0.8.1+1, mixed mode, emulated-client, tiered, compressed oops, compressed class ptrs, g1 gc, windows-amd64)
GC Precious Log:
 CPUs: 8 total, 8 available
 Memory: 11533M
 Large Page Support: Disabled
 NUMA Support: Disabled
 Compressed Oops: Enabled (32-bit)
 Heap Region Size: 1M
 Heap Min Capacity: 8M
 Heap Initial Capacity: 182M
 Heap Max Capacity: 1G
 Pre-touch: Disabled
 Parallel Workers: 8
 Concurrent Workers: 2
 Concurrent Refinement Workers: 8
 Periodic GC: Disabled
Heap:
 garbage-first heap   total 109568K, used 32403K [0x00000000c0000000, 0x0000000100000000)
  region size 1024K, 1 young (1024K), 0 survivors (0K)
 Metaspace       used 57873K, committed 58304K, reserved 1114112K
  class space    used 7190K, committed 7360K, reserved 1048576K
GC Heap History (20 events):
Event: 219103.640 GC heap before
{Heap before GC invocations=7688 (full 7618):
 garbage-first heap   total 109568K, used 32403K [0x00000000c0000000, 0x0000000100000000)
  region size 1024K, 1 young (1024K), 0 survivors (0K)
 Metaspace       used 57873K, committed 58304K, reserved 1114112K
  class space    used 7190K, committed 7360K, reserved 1048576K
}
Event: 219103.687 GC heap after
{Heap after GC invocations=7689 (full 7619):
 garbage-first heap   total 109568K, used 32403K [0x00000000c0000000, 0x0000000100000000)
  region size 1024K, 0 young (0K), 0 survivors (0K)
 Metaspace       used 57873K, committed 58304K, reserved 1114112K
  class space    used 7190K, committed 7360K, reserved 1048576K
}
Event: 219113.930 GC heap before
{Heap before GC invocations=7689 (full 7619):
 garbage-first heap   total 109568K, used 32403K [0x00000000c0000000, 0x0000000100000000)
  region size 1024K, 1 young (1024K), 0 survivors (0K)
 Metaspace       used 57873K, committed 58304K, reserved 1114112K
  class space    used 7190K, committed 7360K, reserved 1048576K
}
Event: 219113.989 GC heap after
{Heap after GC invocations=7690 (full 7620):
 garbage-first heap   total 109568K, used 32403K [0x00000000c0000000, 0x0000000100000000)
  region size 1024K, 0 young (0K), 0 survivors (0K)
 Metaspace       used 57873K, committed 58304K, reserved 1114112K
  class space    used 7190K, committed 7360K, reserved 1048576K
}
Event: 219124.192 GC heap before
{Heap before GC invocations=7690 (full 7620):
 garbage-first heap   total 109568K, used 32403K [0x00000000c0000000, 0x0000000100000000)
  region size 1024K, 1 young (1024K), 0 survivors (0K)
 Metaspace       used 57873K, committed 58304K, reserved 1114112K
  class space    used 7190K, committed 7360K, reserved 1048576K
}
Event: 219124.245 GC heap after
{Heap after GC invocations=7691 (full 7621):
 garbage-first heap   total 109568K, used 32403K [0x00000000c0000000, 0x0000000100000000)
  region size 1024K, 0 young (0K), 0 survivors (0K)
 Metaspace       used 57873K, committed 58304K, reserved 1114112K
  class space    used 7190K, committed 7360K, reserved 1048576K
}
Event: 219134.448 GC heap before
{Heap before GC invocations=7691 (full 7621):
 garbage-first heap   total 109568K, used 32403K [0x00000000c0000000, 0x0000000100000000)
  region size 1024K, 1 young (1024K), 0 survivors (0K)
 Metaspace       used 57873K, committed 58304K, reserved 1114112K
  class space    used 7190K, committed 7360K, reserved 1048576K
}
Event: 219134.490 GC heap after
{Heap after GC invocations=7692 (full 7622):
 garbage-first heap   total 109568K, used 32403K [0x00000000c0000000, 0x0000000100000000)
  region size 1024K, 0 young (0K), 0 survivors (0K)
 Metaspace       used 57873K, committed 58304K, reserved 1114112K
  class space    used 7190K, committed 7360K, reserved 1048576K
}
Event: 219144.690 GC heap before
{Heap before GC invocations=7692 (full 7622):
 garbage-first heap   total 109568K, used 32403K [0x00000000c0000000, 0x0000000100000000)
  region size 1024K, 1 young (1024K), 0 survivors (0K)
 Metaspace       used 57873K, committed 58304K, reserved 1114112K
  class space    used 7190K, committed 7360K, reserved 1048576K
}
Event: 219144.719 GC heap after
{Heap after GC invocations=7693 (full 7623):
 garbage-first heap   total 109568K, used 32403K [0x00000000c0000000, 0x0000000100000000)
  region size 1024K, 0 young (0K), 0 survivors (0K)
 Metaspace       used 57873K, committed 58304K, reserved 1114112K
  class space    used 7190K, committed 7360K, reserved 1048576K
}
Event: 219154.886 GC heap before
{Heap before GC invocations=7693 (full 7623):
 garbage-first heap   total 109568K, used 32403K [0x00000000c0000000, 0x0000000100000000)
  region size 1024K, 1 young (1024K), 0 survivors (0K)
 Metaspace       used 57873K, committed 58304K, reserved 1114112K
  class space    used 7190K, committed 7360K, reserved 1048576K
}
Event: 219154.919 GC heap after
{Heap after GC invocations=7694 (full 7624):
 garbage-first heap   total 109568K, used 32403K [0x00000000c0000000, 0x0000000100000000)
  region size 1024K, 0 young (0K), 0 survivors (0K)
 Metaspace       used 57873K, committed 58304K, reserved 1114112K
  class space    used 7190K, committed 7360K, reserved 1048576K
}
Event: 219165.083 GC heap before
{Heap before GC invocations=7694 (full 7624):
 garbage-first heap   total 109568K, used 32403K [0x00000000c0000000, 0x0000000100000000)
  region size 1024K, 1 young (1024K), 0 survivors (0K)
 Metaspace       used 57873K, committed 58304K, reserved 1114112K
  class space    used 7190K, committed 7360K, reserved 1048576K
}
Event: 219165.123 GC heap after
{Heap after GC invocations=7695 (full 7625):
 garbage-first heap   total 109568K, used 32403K [0x00000000c0000000, 0x0000000100000000)
  region size 1024K, 0 young (0K), 0 survivors (0K)
 Metaspace       used 57873K, committed 58304K, reserved 1114112K
  class space    used 7190K, committed 7360K, reserved 1048576K
}
Event: 219175.260 GC heap before
{Heap before GC invocations=7695 (full 7625):
 garbage-first heap   total 109568K, used 32403K [0x00000000c0000000, 0x0000000100000000)
  region size 1024K, 1 young (1024K), 0 survivors (0K)
 Metaspace       used 57873K, committed 58304K, reserved 1114112K
  class space    used 7190K, committed 7360K, reserved 1048576K
}
Event: 219175.293 GC heap after
{Heap after GC invocations=7696 (full 7626):
 garbage-first heap   total 109568K, used 32403K [0x00000000c0000000, 0x0000000100000000)
  region size 1024K, 0 young (0K), 0 survivors (0K)
 Metaspace       used 57873K, committed 58304K, reserved 1114112K
  class space    used 7190K, committed 7360K, reserved 1048576K
}
Event: 219185.463 GC heap before
{Heap before GC invocations=7696 (full 7626):
 garbage-first heap   total 109568K, used 32403K [0x00000000c0000000, 0x0000000100000000)
  region size 1024K, 1 young (1024K), 0 survivors (0K)
 Metaspace       used 57873K, committed 58304K, reserved 1114112K
  class space    used 7190K, committed 7360K, reserved 1048576K
}
Event: 219185.506 GC heap after
{Heap after GC invocations=7697 (full 7627):
 garbage-first heap   total 109568K, used 32403K [0x00000000c0000000, 0x0000000100000000)
  region size 1024K, 0 young (0K), 0 survivors (0K)
 Metaspace       used 57873K, committed 58304K, reserved 1114112K
  class space    used 7190K, committed 7360K, reserved 1048576K
}
Event: 219195.663 GC heap before
{Heap before GC invocations=7697 (full 7627):
 garbage-first heap   total 109568K, used 32403K [0x00000000c0000000, 0x0000000100000000)
  region size 1024K, 1 young (1024K), 0 survivors (0K)
 Metaspace       used 57873K, committed 58304K, reserved 1114112K
  class space    used 7190K, committed 7360K, reserved 1048576K
}
Event: 219195.696 GC heap after
{Heap after GC invocations=7698 (full 7628):
 garbage-first heap   total 109568K, used 32403K [0x00000000c0000000, 0x0000000100000000)
  region size 1024K, 0 young (0K), 0 survivors (0K)
 Metaspace       used 57873K, committed 58304K, reserved 1114112K
  class space    used 7190K, committed 7360K, reserved 1048576K
}

